2026-06-20 15:41:18.417 - RealTimeSTT: realtimestt - INFO - Starting RealTimeSTT
2026-06-20 15:41:18.425 - RealTimeSTT: realtimestt - INFO - Initializing audio recording (creating pyAudio input stream, sample rate: 16000 buffer size: 512
2026-06-20 15:41:18.432 - RealTimeSTT: realtimestt - INFO - Initializing WebRTC voice with Sensitivity 3
2026-06-20 15:41:18.432 - RealTimeSTT: realtimestt - DEBUG - WebRTC VAD voice activity detection engine initialized successfully
2026-06-20 15:41:18.704 - RealTimeSTT: realtimestt - DEBUG - Silero VAD voice activity detection engine initialized successfully with backend raw_onnx_ifless
2026-06-20 15:41:18.708 - RealTimeSTT: realtimestt - DEBUG - Starting realtime worker
2026-06-20 15:41:18.708 - RealTimeSTT: realtimestt - DEBUG - Waiting for main transcription model to start
2026-06-20 15:41:18.708 - RealTimeSTT: realtimestt - DEBUG - Realtime transcription disabled; realtime worker exits
2026-06-20 15:41:25.976 - RealTimeSTT: realtimestt - DEBUG - Main transcription model ready
2026-06-20 15:41:25.976 - RealTimeSTT: realtimestt - DEBUG - RealtimeSTT initialization completed successfully
2026-06-20 15:42:30.863 - RealTimeSTT: realtimestt - INFO - Starting RealTimeSTT
2026-06-20 15:42:30.870 - RealTimeSTT: realtimestt - INFO - Initializing audio recording (creating pyAudio input stream, sample rate: 16000 buffer size: 512
2026-06-20 15:42:30.870 - RealTimeSTT: realtimestt - INFO - Initializing WebRTC voice with Sensitivity 3
2026-06-20 15:42:30.870 - RealTimeSTT: realtimestt - DEBUG - WebRTC VAD voice activity detection engine initialized successfully
2026-06-20 15:42:31.026 - RealTimeSTT: realtimestt - DEBUG - Silero VAD voice activity detection engine initialized successfully with backend raw_onnx_ifless
2026-06-20 15:42:31.031 - RealTimeSTT: realtimestt - DEBUG - Starting realtime worker
2026-06-20 15:42:31.031 - RealTimeSTT: realtimestt - DEBUG - Waiting for main transcription model to start
2026-06-20 15:42:31.031 - RealTimeSTT: realtimestt - DEBUG - Realtime transcription disabled; realtime worker exits
2026-06-20 15:43:07.900 - RealTimeSTT: realtimestt - DEBUG - Main transcription model ready
2026-06-20 15:43:07.900 - RealTimeSTT: realtimestt - DEBUG - RealtimeSTT initialization completed successfully
2026-06-20 15:44:27.881 - RealTimeSTT: realtimestt - DEBUG - Receive from stdout pipe
2026-06-20 15:44:27.881 - RealTimeSTT: realtimestt - INFO - None
2026-06-20 15:44:51.338 - RealTimeSTT: realtimestt - INFO - Starting RealTimeSTT
2026-06-20 15:44:51.342 - RealTimeSTT: realtimestt - INFO - Initializing audio recording (creating pyAudio input stream, sample rate: 16000 buffer size: 512
2026-06-20 15:44:51.356 - RealTimeSTT: realtimestt - INFO - Initializing WebRTC voice with Sensitivity 3
2026-06-20 15:44:51.356 - RealTimeSTT: realtimestt - DEBUG - WebRTC VAD voice activity detection engine initialized successfully
2026-06-20 15:44:51.411 - RealTimeSTT: realtimestt - DEBUG - Silero VAD voice activity detection engine initialized successfully with backend raw_onnx_ifless
2026-06-20 15:44:51.411 - RealTimeSTT: realtimestt - DEBUG - Starting realtime worker
2026-06-20 15:44:51.411 - RealTimeSTT: realtimestt - DEBUG - Waiting for main transcription model to start
2026-06-20 15:44:51.411 - RealTimeSTT: realtimestt - DEBUG - Realtime transcription disabled; realtime worker exits
2026-06-20 15:44:55.017 - RealTimeSTT: realtimestt - DEBUG - Main transcription model ready
2026-06-20 15:44:55.017 - RealTimeSTT: realtimestt - DEBUG - RealtimeSTT initialization completed successfully
2026-06-20 15:44:55.017 - RealTimeSTT: realtimestt - INFO - Setting listen time
2026-06-20 15:44:55.017 - RealTimeSTT: realtimestt - INFO - State changed from 'inactive' to 'listening'
2026-06-20 15:44:55.501 - RealTimeSTT: realtimestt - DEBUG - Waiting for recording start
2026-06-20 15:44:57.848 - RealTimeSTT: realtimestt - INFO - voice activity detected
2026-06-20 15:44:57.848 - RealTimeSTT: realtimestt - INFO - recording started
2026-06-20 15:44:57.848 - RealTimeSTT: realtimestt - INFO - State changed from 'listening' to 'recording'
2026-06-20 15:44:57.848 - RealTimeSTT: realtimestt - DEBUG - Waiting for recording stop
2026-06-20 15:44:59.127 - RealTimeSTT: realtimestt - INFO - recording stopped
2026-06-20 15:44:59.130 - RealTimeSTT: realtimestt - DEBUG - No samples removed, final audio length: 36864
2026-06-20 15:44:59.130 - RealTimeSTT: realtimestt - INFO - State changed from 'recording' to 'inactive'
2026-06-20 15:44:59.225 - RealTimeSTT: realtimestt - INFO - State changed from 'inactive' to 'transcribing'
2026-06-20 15:44:59.227 - RealTimeSTT: realtimestt - DEBUG - Adding transcription request, no early transcription started
2026-06-20 15:44:59.230 - RealTimeSTT: realtimestt - DEBUG - Receive from parent_transcription_pipe after sendiung transcription request, transcribe_count: 1
2026-06-20 15:44:59.343 - RealTimeSTT: realtimestt - DEBUG - Receive from parent_transcription_pipe after sendiung transcription request, transcribe_count: 1
2026-06-20 15:44:59.445 - RealTimeSTT: realtimestt - DEBUG - Receive from parent_transcription_pipe after sendiung transcription request, transcribe_count: 1
2026-06-20 15:44:59.559 - RealTimeSTT: realtimestt - DEBUG - Receive from parent_transcription_pipe after sendiung transcription request, transcribe_count: 1
2026-06-20 15:44:59.659 - RealTimeSTT: realtimestt - DEBUG - Receive from parent_transcription_pipe after sendiung transcription request, transcribe_count: 1
2026-06-20 15:44:59.760 - RealTimeSTT: realtimestt - DEBUG - Receive from parent_transcription_pipe after sendiung transcription request, transcribe_count: 1
2026-06-20 15:44:59.800 - RealTimeSTT: realtimestt - INFO - State changed from 'transcribing' to 'inactive'
2026-06-20 15:44:59.836 - RealTimeSTT: realtimestt - DEBUG - Model tiny completed transcription in 0.61 seconds
2026-06-20 15:45:04.637 - RealTimeSTT: realtimestt - INFO - voice activity detected
2026-06-20 15:45:04.637 - RealTimeSTT: realtimestt - INFO - recording started
2026-06-20 15:45:04.637 - RealTimeSTT: realtimestt - INFO - State changed from 'inactive' to 'recording'
2026-06-20 15:45:05.787 - RealTimeSTT: realtimestt - INFO - recording stopped
